"X:/Projects/Solum/SteamMM/Content/FirstPerson/Character/Mesh/SK_Mannequin_Arms_Skeleton.uasset" 0
"X:/Projects/Solum/SteamMM/Content/FirstPerson/Animations/FirstPerson_Idle.uasset" 1
"X:/Projects/Solum/SteamMM/Content/FirstPerson/Animations/FirstPerson_JumpEnd.uasset" 2
"X:/Projects/Solum/SteamMM/Content/FirstPerson/Animations/FirstPerson_JumpLoop.uasset" 3
"X:/Projects/Solum/SteamMM/Content/FirstPerson/Animations/FirstPerson_JumpStart.uasset" 4
"X:/Projects/Solum/SteamMM/Content/FirstPerson/Animations/FirstPerson_Run.uasset" 5
"../../../Engine/Content/EditorBlueprintResources/StandardMacros.uasset" 6
"X:/Projects/Solum/SteamMM/Content/FirstPerson/Animations/FirstPerson_AnimBP.uasset" 7
"X:/Projects/Solum/SteamMM/Content/FirstPerson/Character/Mesh/FirstPersonAnimBlueprint_Copy.uasset" 8
"X:/Projects/Solum/SteamMM/Content/FirstPerson/Character/Textures/UE4_LOGO_CARD.uasset" 9
"X:/Projects/Solum/SteamMM/Content/FirstPerson/FPWeapon/Materials/MaterialLayers/ML_Plastic_Shiny_Beige_LOGO.uasset" 10
"X:/Projects/Solum/SteamMM/Content/FirstPerson/FPWeapon/Materials/MaterialLayers/T_ML_FineRubber.uasset" 11
"X:/Projects/Solum/SteamMM/Content/FirstPerson/FPWeapon/Mesh/SK_FPGun_PhysicsAsset.uasset" 12
"X:/Projects/Solum/SteamMM/Content/FirstPerson/Textures/FirstPersonCrosshair.uasset" 13
"X:/Projects/Solum/SteamMM/Content/Geometry/Meshes/CubeMaterial.uasset" 14
"X:/Projects/Solum/SteamMM/Content/Geometry/Meshes/1M_Cube_Chamfer.uasset" 15
"X:/Projects/Solum/SteamMM/Content/Geometry/Meshes/TemplateFloor.uasset" 16
"../../../Engine/Content/Animation/DefaultAnimBoneCompressionSettings.uasset" 17
"../../../Engine/Content/Animation/DefaultAnimCurveCompressionSettings.uasset" 18
"../../../Engine/Content/Functions/Engine_MaterialFunctions01/Opacity/CameraDepthFade.uasset" 19
"../../../Engine/Content/EngineMaterials/T_Default_Material_Grid_M.uasset" 20
"../../../Engine/Content/EngineMaterials/T_Default_Material_Grid_N.uasset" 21
"../../../Engine/Content/EngineMaterials/WorldGridMaterial.uasset" 22
"../../../Engine/Content/ArtTools/RenderToTexture/Meshes/S_1_Unit_Plane.uasset" 23
"../../../Engine/Content/EngineMaterials/DefaultMaterial.uasset" 24
"../../../Engine/Content/BasicShapes/Cone.uasset" 25
"../../../Engine/Content/BasicShapes/Cube.uasset" 26
"../../../Engine/Content/BasicShapes/Cylinder.uasset" 27
"../../../Engine/Content/BasicShapes/Plane.uasset" 28
"../../../Engine/Content/BasicShapes/Sphere.uasset" 29
"../../../Engine/Content/EditorLandscapeResources/DataLayer.uasset" 30
"../../../Engine/Content/EditorMaterials/MAT_Groups_Toggle.uasset" 31
"../../../Engine/Content/EditorMaterials/MAT_Groups_Visibility.uasset" 32
"../../../Engine/Content/EditorMaterials/PreviewShadowIndicator.uasset" 33
"../../../Engine/Content/EditorMaterials/PreviewShadowIndicatorMaterial.uasset" 34
"../../../Engine/Content/EditorMaterials/MatineeGroups/MAT_ColorTrack.uasset" 35
"../../../Engine/Content/EditorMaterials/MatineeGroups/MAT_Groups_Anim.uasset" 36
"../../../Engine/Content/EditorMaterials/MatineeGroups/MAT_Groups_AudioMaster.uasset" 37
"../../../Engine/Content/EditorMaterials/MatineeGroups/MAT_Groups_Director.uasset" 38
"../../../Engine/Content/EditorMaterials/MatineeGroups/MAT_Groups_Event.uasset" 39
"../../../Engine/Content/EditorMaterials/MatineeGroups/MAT_Groups_Fade.uasset" 40
"../../../Engine/Content/EditorMaterials/MatineeGroups/MAT_Groups_Float.uasset" 41
"../../../Engine/Content/EditorMaterials/MatineeGroups/MAT_Groups_Move.uasset" 42
"../../../Engine/Content/EditorMaterials/MatineeGroups/MAT_Groups_Slomo.uasset" 43
"../../../Engine/Content/EditorMaterials/MatineeGroups/MAT_Groups_Sound.uasset" 44
"../../../Engine/Content/EditorMaterials/MatineeGroups/MAT_Groups_Vector.uasset" 45
"../../../Engine/Content/EditorMaterials/ParticleSystems/PSysThumbnail_NoImage.uasset" 46
"../../../Engine/Content/EditorMaterials/ParticleSystems/PSysThumbnail_OOD.uasset" 47
"../../../Engine/Content/EditorMaterials/Camera/CineMat.uasset" 48
"../../../Engine/Content/EditorMaterials/Camera/MI_CineMat_Rig.uasset" 49
"../../../Engine/Content/EditorMeshes/Camera/SM_CraneRig_Arm.uasset" 50
"../../../Engine/Content/EditorMeshes/Camera/SM_CraneRig_Base.uasset" 51
"../../../Engine/Content/EditorMeshes/Camera/SM_CraneRig_Body.uasset" 52
"../../../Engine/Content/EditorMeshes/Camera/SM_CraneRig_Mount.uasset" 53
"../../../Engine/Content/EditorMeshes/Camera/SM_RailRig_Mount.uasset" 54
"../../../Engine/Content/EditorMeshes/Camera/SM_RailRig_Track.uasset" 55
"../../../Engine/Content/EditorResources/BSPVertex.uasset" 56
"../../../Engine/Content/EditorResources/EmptyActor.uasset" 57
"../../../Engine/Content/EditorResources/S_Actor.uasset" 58
"../../../Engine/Content/EditorResources/S_Note.uasset" 59
"../../../Engine/Content/EditorResources/S_Solver.uasset" 60
"../../../Engine/Content/EditorResources/S_Trigger.uasset" 61
"../../../Engine/Content/EditorResources/LightIcons/S_LightError.uasset" 62
"../../../Engine/Content/EditorResources/SequenceRecorder/Countdown.uasset" 63
"../../../Engine/Content/EditorResources/SequenceRecorder/RecordingIndicator.uasset" 64
"../../../Engine/Content/EditorSounds/Notifications/CompileFailed.uasset" 65
"../../../Engine/Content/EditorSounds/Notifications/CompileFailed_Cue.uasset" 66
"../../../Engine/Content/EditorSounds/Notifications/CompileSuccess.uasset" 67
"../../../Engine/Content/EditorSounds/Notifications/CompileStart_Cue.uasset" 68
"../../../Engine/Content/EditorSounds/Notifications/CompileSuccess_Cue.uasset" 69
"../../../Engine/Content/EngineDamageTypes/DmgTypeBP_Environmental.uasset" 70
"../../../Engine/Content/EngineDebugMaterials/DebugEditorMaterial.uasset" 71
"../../../Engine/Content/EngineDebugMaterials/DebugMeshMaterial.uasset" 72
"../../../Engine/Content/EngineDebugMaterials/M_SimpleUnlitTranslucent.uasset" 73
"../../../Engine/Content/Functions/Engine_MaterialFunctions02/Utility/CameraDirectionVector.uasset" 74
"../../../Engine/Content/EngineDebugMaterials/VolumeToRender.uasset" 75
"../../../Engine/Content/EngineDebugMaterials/M_VolumeRenderSphereTracePP.uasset" 76
"../../../Engine/Content/EngineDebugMaterials/WireframeMaterial.uasset" 77
"../../../Engine/Content/EngineFonts/Faces/DroidSansFallback.uasset" 78
"../../../Engine/Content/EngineFonts/Faces/RobotoBold.uasset" 79
"../../../Engine/Content/EngineFonts/Faces/RobotoBoldItalic.uasset" 80
"../../../Engine/Content/EngineFonts/Faces/RobotoItalic.uasset" 81
"../../../Engine/Content/EngineFonts/Faces/RobotoLight.uasset" 82
"../../../Engine/Content/EngineFonts/Faces/RobotoRegular.uasset" 83
"../../../Engine/Content/EngineFonts/Roboto.uasset" 84
"../../../Engine/Content/EngineMaterials/BaseFlattenDiffuseMap.uasset" 85
"../../../Engine/Content/EngineMaterials/BaseFlattenEmissiveMap.uasset" 86
"../../../Engine/Content/EngineMaterials/BaseFlattenGrayscaleMap.uasset" 87
"../../../Engine/Content/EngineMaterials/BaseFlattenNormalMap.uasset" 88
"../../../Engine/Content/EngineMaterials/BaseFlattenMaterial.uasset" 89
"../../../Engine/Content/EngineMaterials/BlueNoise.uasset" 90
"../../../Engine/Content/EngineMaterials/DefaultBloomKernel.uasset" 91
"../../../Engine/Content/EngineMaterials/DefaultBokeh.uasset" 92
"../../../Engine/Content/EngineMaterials/DefaultDiffuse.uasset" 93
"../../../Engine/Content/EngineMaterials/DefaultDeferredDecalMaterial.uasset" 94
"../../../Engine/Content/EngineMaterials/DefaultLightFunctionMaterial.uasset" 95
"../../../Engine/Content/EngineMaterials/DefaultPhysicalMaterial.uasset" 96
"../../../Engine/Content/Functions/Engine_MaterialFunctions02/Utility/BreakOutFloat2Components.uasset" 97
"../../../Engine/Content/EngineMaterials/DefaultPostProcessMaterial.uasset" 98
"../../../Engine/Content/EngineFonts/RobotoDistanceField.uasset" 99
"../../../Engine/Content/EngineMaterials/DefaultTextMaterialOpaque.uasset" 100
"../../../Engine/Content/EngineMaterials/DefaultWhiteGrid.uasset" 101
"../../../Engine/Content/EngineMaterials/DefaultWhiteGrid_Low.uasset" 102
"../../../Engine/Content/EngineMaterials/EmissiveMeshMaterial.uasset" 103
"../../../Engine/Content/EngineMaterials/GizmoMaterial.uasset" 104
"../../../Engine/Content/EngineMaterials/Good64x64TilingNoiseHighFreq.uasset" 105
"../../../Engine/Content/EngineMaterials/MiniFont.uasset" 106
"../../../Engine/Content/EngineMaterials/InvalidLightmapSettings.uasset" 107
"../../../Engine/Content/EngineMaterials/M_InvalidLightmapSettings.uasset" 108
"../../../Engine/Content/Functions/Engine_MaterialFunctions02/WorldPositionOffset/CameraOffset.uasset" 109
"../../../Engine/Content/EngineMaterials/PhAT_JointLimitMaterial.uasset" 110
"../../../Engine/Content/EngineMaterials/PreintegratedSkinBRDF.uasset" 111
"../../../Engine/Content/EngineMaterials/RemoveSurfaceMaterial.uasset" 112
"../../../Engine/Content/EngineMaterials/WeightMapPlaceholderTexture.uasset" 113
"../../../Engine/Content/EngineResources/WhiteSquareTexture.uasset" 114
"../../../Engine/Content/EngineMaterials/Widget3DPassThrough.uasset" 115
"../../../Engine/Content/EngineMaterials/Widget3DPassThrough_Masked.uasset" 116
"../../../Engine/Content/EngineMaterials/Widget3DPassThrough_Opaque.uasset" 117
"../../../Engine/Content/EngineMaterials/Widget3DPassThrough_Masked_OneSided.uasset" 118
"../../../Engine/Content/EngineMaterials/Widget3DPassThrough_Opaque_OneSided.uasset" 119
"../../../Engine/Content/EngineMaterials/Widget3DPassThrough_Translucent.uasset" 120
"../../../Engine/Content/EngineMaterials/Widget3DPassThrough_Translucent_OneSided.uasset" 121
"../../../Engine/Content/EngineMeshes/Cylinder.uasset" 122
"../../../Engine/Content/EngineMeshes/Sphere.uasset" 123
"../../../Engine/Content/EngineResources/Black.uasset" 124
"../../../Engine/Content/EngineResources/DefaultTexture.uasset" 125
"../../../Engine/Content/EngineResources/DefaultTextureCube.uasset" 126
"../../../Engine/Content/EngineResources/DefaultVolumeTexture2D.uasset" 127
"../../../Engine/Content/EngineResources/DefaultVolumeTexture.uasset" 128
"../../../Engine/Content/EngineResources/GradientTexture0.uasset" 129
"../../../Engine/Content/EngineSounds/Master.uasset" 130
"../../../Engine/Content/Functions/Engine_MaterialFunctions01/Shading/ConvertFromDiffSpec.uasset" 131
"../../../Engine/Content/Functions/Engine_MaterialFunctions01/Shading/PowerToRoughness.uasset" 132
"../../../Engine/Content/Maps/Templates/Thumbnails/Default.uasset" 133
"../../../Engine/Content/Maps/Templates/Thumbnails/TimeOfDay.uasset" 134
"../../../Engine/Content/Maps/Templates/Thumbnails/VR-Basic.uasset" 135
"../../../Engine/Content/MobileResources/T_MobileControls_texture.uasset" 136
"../../../Engine/Content/MobileResources/T_MobileMenu2.uasset" 137
"../../../Engine/Content/MobileResources/HUD/AnalogHat.uasset" 138
"../../../Engine/Content/MobileResources/HUD/VirtualJoystick_Background.uasset" 139
"../../../Engine/Content/MobileResources/HUD/VirtualJoystick_Thumb.uasset" 140
"../../../Engine/Content/MobileResources/HUD/DefaultVirtualJoysticks.uasset" 141
"../../../Engine/Content/MobileResources/HUD/LeftVirtualJoystickOnly.uasset" 142
"../../../Engine/Content/MobileResources/HUD/MobileHUDButton1_off.uasset" 143
"../../../Engine/Content/MobileResources/HUD/MobileHUDButton1_on.uasset" 144
"../../../Engine/Content/MobileResources/HUD/MobileHUDButton2_off.uasset" 145
"../../../Engine/Content/MobileResources/HUD/MobileHUDButton2_on.uasset" 146
"../../../Engine/Content/MobileResources/HUD/MobileHUDButton3.uasset" 147
"../../../Engine/Content/MobileResources/HUD/MobileHUDButtonFire.uasset" 148
"../../../Engine/Content/MobileResources/HUD/MobileHUDDirectionPad.uasset" 149
"../../../Engine/Content/MobileResources/HUD/MobileHUDDirectionPad2.uasset" 150
"../../../Engine/Content/MobileResources/HUD/MobileHUDDirectionPad3.uasset" 151
"../../../Engine/Content/MobileResources/HUD/MobileHUDDirectionStick.uasset" 152
"../../../Engine/Content/MobileResources/HUD/T_Castle_ThumbstickInner.uasset" 153
"../../../Engine/Content/MobileResources/HUD/T_Castle_ThumbstickOutter.uasset" 154
"../../../Engine/Content/Tutorial/ContentIntroCurve.uasset" 155
"../../../Engine/Content/Tutorial/Basics/LevelEditorAttract.uasset" 156
"../../../Engine/Content/Tutorial/Mobile/TutorialAssets/android_Icon.uasset" 157
"../../../Engine/Content/Tutorial/Mobile/SettingUpAndroidTutorial.uasset" 158
"../../../Engine/Content/VREditor/LaserPointer/VR_LaserPower_01.uasset" 159
"../../../Engine/Content/VREditor/TransformGizmo/TransformGizmoMaterial.uasset" 160
"../../../Engine/Content/VREditor/TransformGizmo/TranslucentTransformGizmoMaterial.uasset" 161
"../../../Engine/Content/VREditor/TransformGizmo/BoundingBoxCorner.uasset" 162
"../../../Engine/Content/VREditor/TransformGizmo/BoundingBoxEdge.uasset" 163
"../../../Engine/Content/VREditor/TransformGizmo/PlaneTranslationHandle.uasset" 164
"../../../Engine/Content/VREditor/TransformGizmo/Main.uasset" 165
"../../../Engine/Content/VREditor/TransformGizmo/Xray.uasset" 166
"../../../Engine/Content/VREditor/TransformGizmo/SM_Sequencer_Key.uasset" 167
"../../../Engine/Content/VREditor/TransformGizmo/SM_Sequencer_Node.uasset" 168
"../../Plugins/2D/Paper2D/Content/PlaceholderTextures/DummySpriteTexture.uasset" 169
"../../Plugins/2D/Paper2D/Content/DummySprite.uasset" 170
"../../Plugins/2D/Paper2D/Content/DefaultPaperTerrainMaterial.uasset" 171
"../../Plugins/2D/Paper2D/Content/DefaultSpriteMaterial.uasset" 172
"../../Plugins/2D/Paper2D/Content/MaskedUnlitSpriteMaterial.uasset" 173
"../../Plugins/2D/Paper2D/Content/OpaqueUnlitSpriteMaterial.uasset" 174
"../../Plugins/FX/Niagara/Content/Enums/ENiagaraBooleanLogicOps.uasset" 175
"../../Plugins/FX/Niagara/Content/Enums/ENiagaraCoordinateSpace.uasset" 176
"../../Plugins/FX/Niagara/Content/Enums/ENiagaraExpansionMode.uasset" 177
"../../Plugins/FX/Niagara/Content/Enums/ENiagaraOrientationAxis.uasset" 178
"../../Plugins/FX/Niagara/Content/Enums/ENiagaraRandomnessMode.uasset" 179
"../../../Engine/Content/Functions/Engine_MaterialFunctions02/Utility/BreakOutFloat4Components.uasset" 180
"../../../Engine/Content/Functions/Engine_MaterialFunctions02/Utility/MakeFloat2.uasset" 181
"../../../Engine/Content/Functions/Engine_MaterialFunctions02/Utility/MakeFloat3.uasset" 182
"../../Plugins/Runtime/Oculus/OculusVR/Content/Materials/OculusMR_ChromaKey.uasset" 183
"../../Plugins/Runtime/Oculus/OculusVR/Content/Materials/OculusMR_ChromaKey_Lit.uasset" 184
"../../Plugins/Runtime/Oculus/OculusVR/Content/Materials/OculusMR_OpaqueColoredMaterial.uasset" 185
"../../Plugins/Runtime/Oculus/OculusVR/Content/Materials/OculusMR_WhiteMaterial.uasset" 186
"X:/Projects/Solum/SteamMM/Content/FirstPerson/Animations/FirstPerson_Fire.uasset" 187
"X:/Projects/Solum/SteamMM/Content/FirstPerson/Animations/FirstPersonFire_Montage.uasset" 188
"X:/Projects/Solum/SteamMM/Content/FirstPerson/Meshes/BaseMaterial.uasset" 189
"X:/Projects/Solum/SteamMM/Content/FirstPerson/Meshes/FirstPersonProjectileMaterial.uasset" 190
"X:/Projects/Solum/SteamMM/Content/FirstPerson/Meshes/FirstPersonProjectileMesh.uasset" 191
"X:/Projects/Solum/SteamMM/Content/FirstPersonCPP/Blueprints/FirstPersonProjectile.uasset" 192
"X:/Projects/Solum/SteamMM/Content/FirstPerson/Audio/FirstPersonTemplateWeaponFire02.uasset" 193
"../../../Engine/Content/Functions/Engine_MaterialFunctions02/Utility/BlendAngleCorrectedNormals.uasset" 194
"../../../Engine/Content/Functions/MaterialLayerFunctions/MatLayerBlend_NormalBlend.uasset" 195
"../../../Engine/Content/Functions/MaterialLayerFunctions/MatLayerBlend_Simple.uasset" 196
"X:/Projects/Solum/SteamMM/Content/FirstPerson/Character/Materials/MaterialLayers/T_ML_Rubber_Blue_01_D.uasset" 197
"X:/Projects/Solum/SteamMM/Content/FirstPerson/Character/Materials/MaterialLayers/T_ML_Rubber_Blue_01_N.uasset" 198
"X:/Projects/Solum/SteamMM/Content/FirstPerson/Character/Materials/MaterialLayers/ML_GlossyBlack_Latex_UE4.uasset" 199
"X:/Projects/Solum/SteamMM/Content/FirstPerson/Character/Materials/MaterialLayers/ML_Plastic_Shiny_Beige.uasset" 200
"X:/Projects/Solum/SteamMM/Content/FirstPerson/Character/Materials/MaterialLayers/ML_Plastic_Shiny_Beige_LOGO.uasset" 201
"X:/Projects/Solum/SteamMM/Content/FirstPerson/Character/Materials/MaterialLayers/T_ML_Aluminum01.uasset" 202
"X:/Projects/Solum/SteamMM/Content/FirstPerson/Character/Materials/MaterialLayers/T_ML_Aluminum01_N.uasset" 203
"X:/Projects/Solum/SteamMM/Content/FirstPerson/Character/Materials/MaterialLayers/ML_SoftMetal_UE4.uasset" 204
"X:/Projects/Solum/SteamMM/Content/FirstPerson/Character/Textures/UE4_Mannequin__normals.uasset" 205
"X:/Projects/Solum/SteamMM/Content/FirstPerson/Character/Textures/UE4_Mannequin_MAT_MASKA.uasset" 206
"X:/Projects/Solum/SteamMM/Content/FirstPerson/Character/Materials/M_UE4Man_Body.uasset" 207
"X:/Projects/Solum/SteamMM/Content/FirstPerson/Character/Mesh/SK_Mannequin_Arms_PhysicsAsset.uasset" 208
"X:/Projects/Solum/SteamMM/Content/FirstPerson/Character/Mesh/SK_Mannequin_Arms.uasset" 209
"X:/Projects/Solum/SteamMM/Content/FirstPerson/FPWeapon/Materials/MaterialLayers/T_ML_Rubber_Blue_01_D.uasset" 210
"X:/Projects/Solum/SteamMM/Content/FirstPerson/FPWeapon/Materials/MaterialLayers/T_ML_Rubber_Blue_01_N.uasset" 211
"X:/Projects/Solum/SteamMM/Content/FirstPerson/FPWeapon/Materials/MaterialLayers/ML_GlossyBlack_Latex_UE4.uasset" 212
"X:/Projects/Solum/SteamMM/Content/FirstPerson/FPWeapon/Materials/MaterialLayers/ML_Plastic_Shiny_Beige.uasset" 213
"X:/Projects/Solum/SteamMM/Content/FirstPerson/FPWeapon/Materials/MaterialLayers/ML_Screen.uasset" 214
"X:/Projects/Solum/SteamMM/Content/FirstPerson/FPWeapon/Materials/MaterialLayers/T_ML_Aluminum01.uasset" 215
"X:/Projects/Solum/SteamMM/Content/FirstPerson/FPWeapon/Materials/MaterialLayers/T_ML_Aluminum01_N.uasset" 216
"X:/Projects/Solum/SteamMM/Content/FirstPerson/FPWeapon/Materials/MaterialLayers/ML_SoftMetal_UE4.uasset" 217
"X:/Projects/Solum/SteamMM/Content/FirstPerson/FPWeapon/Textures/T_FPGun_M.uasset" 218
"X:/Projects/Solum/SteamMM/Content/FirstPerson/FPWeapon/Textures/T_FPGun_N.uasset" 219
"X:/Projects/Solum/SteamMM/Content/FirstPerson/FPWeapon/Materials/M_FPGun.uasset" 220
"X:/Projects/Solum/SteamMM/Content/FirstPerson/FPWeapon/Mesh/SK_FPGun_Skeleton.uasset" 221
"X:/Projects/Solum/SteamMM/Content/FirstPerson/FPWeapon/Mesh/SK_FPGun.uasset" 222
"X:/Projects/Solum/SteamMM/Content/FirstPersonCPP/Blueprints/FirstPersonCharacter.uasset" 223
"../../../Engine/Content/EngineSky/C_Sky_Cloud_Color.uasset" 224
"../../../Engine/Content/EngineSky/C_Sky_Horizon_Color.uasset" 225
"../../../Engine/Content/EngineSky/C_Sky_Zenith_Color.uasset" 226
"../../../Engine/Content/EngineSky/T_Sky_Blue.uasset" 227
"../../../Engine/Content/EngineSky/T_Sky_Clouds_M.uasset" 228
"../../../Engine/Content/EngineSky/T_Sky_Stars.uasset" 229
"../../../Engine/Content/EngineSky/M_Sky_Panning_Clouds2.uasset" 230
"../../../Engine/Content/EngineSky/SM_SkySphere.uasset" 231
"../../../Engine/Content/EngineSky/BP_Sky_Sphere.uasset" 232
"X:/Projects/Solum/SteamMM/Content/FirstPersonCPP/Maps/FirstPersonExampleMap_BuiltData.uasset" 233
"../../../Engine/Content/Functions/Engine_MaterialFunctions03/Procedurals/ComputeFilterWidth.uasset" 234
"../../../Engine/Content/EngineMaterials/AntiAliasedTextMaterialTranslucent.uasset" 235
"X:/Projects/Solum/SteamMM/Content/FirstPerson/Meshes/CubeMaterialOverride.uasset" 236
"X:/Projects/Solum/SteamMM/Content/FirstPerson/WBP_Session.uasset" 237
"X:/Projects/Solum/SteamMM/Content/FirstPerson/WBP_SessionList.uasset" 238
"X:/Projects/Solum/SteamMM/Content/FirstPerson/WBP_MainMenu.uasset" 239
"X:/Projects/Solum/SteamMM/Content/Geometry/Meshes/1M_Cube.uasset" 240
"X:/Projects/Solum/SteamMM/Content/FirstPersonCPP/Maps/FirstPersonExampleMap.umap" 241
"../../../Engine/Content/Maps/Entry_BuiltData.uasset" 242
"../../../Engine/Content/Maps/Entry.umap" 243
